<?xml version="1.0" encoding="UTF-8"?>
<testng-results skipped="0" failed="0" total="1" passed="1">
  <reporter-output>
  </reporter-output>
  <suite name="Command line suite" duration-ms="2320" started-at="2015-02-03T18:20:14Z" finished-at="2015-02-03T18:20:17Z">
    <groups>
      <group name="TableInfoSearchTest">
        <method signature="TableInfoSearchTest.testEvaluateRPNPositive()[pri:0, instance:com.java.ResturantMgmt.tdd.tableinfo.TableInfoSearchTest@8acf6e]" name="testEvaluateRPNPositive" class="com.java.ResturantMgmt.tdd.tableinfo.TableInfoSearchTest"/>
      </group> <!-- TableInfoSearchTest -->
    </groups>
    <test name="Command line test" duration-ms="2320" started-at="2015-02-03T18:20:14Z" finished-at="2015-02-03T18:20:17Z">
      <class name="com.java.ResturantMgmt.tdd.tableinfo.TableInfoSearchTest">
        <test-method status="PASS" signature="testEvaluateRPNPositive()[pri:0, instance:com.java.ResturantMgmt.tdd.tableinfo.TableInfoSearchTest@8acf6e]" name="testEvaluateRPNPositive" duration-ms="2303" started-at="2015-02-03T23:50:14Z" finished-at="2015-02-03T23:50:17Z">
          <reporter-output>
          </reporter-output>
        </test-method> <!-- testEvaluateRPNPositive -->
      </class> <!-- com.java.ResturantMgmt.tdd.tableinfo.TableInfoSearchTest -->
    </test> <!-- Command line test -->
  </suite> <!-- Command line suite -->
</testng-results>
